<?xml version="1.0" encoding="UTF-8"?>
<!-- Generated by org.testng.reporters.JUnitReportReporter -->
<testsuite hostname="MYPROBOOK" failures="0" tests="10" name="testrunners.CucumberTestRunner" time="158.470" errors="0" timestamp="2024-03-30T13:50:39 BDT" skipped="0">
  <testcase classname="testrunners.CucumberTestRunner" name="runScenario" time="15.965"/>
  <testcase classname="testrunners.CucumberTestRunner" name="runScenario" time="15.996"/>
  <testcase classname="testrunners.CucumberTestRunner" name="runScenario" time="15.980"/>
  <testcase classname="testrunners.CucumberTestRunner" name="runScenario" time="15.950"/>
  <testcase classname="testrunners.CucumberTestRunner" name="runScenario" time="15.858"/>
  <testcase classname="testrunners.CucumberTestRunner" name="runScenario" time="15.980"/>
  <testcase classname="testrunners.CucumberTestRunner" name="runScenario" time="16.075"/>
  <testcase classname="testrunners.CucumberTestRunner" name="runScenario" time="14.704"/>
  <testcase classname="testrunners.CucumberTestRunner" name="runScenario" time="16.012"/>
  <testcase classname="testrunners.CucumberTestRunner" name="runScenario" time="15.950"/>
</testsuite> <!-- testrunners.CucumberTestRunner -->
