<?xml version="1.0" encoding="UTF-8"?>
<!-- Generated by org.testng.reporters.JUnitReportReporter -->
<testsuite hostname="MYPROBOOK" failures="0" tests="10" name="testrunners.CucumberTestRunner" time="54.031" errors="0" timestamp="2024-03-30T13:30:26 BDT" skipped="0">
  <testcase classname="testrunners.CucumberTestRunner" name="runScenario" time="5.098"/>
  <testcase classname="testrunners.CucumberTestRunner" name="runScenario" time="5.581"/>
  <testcase classname="testrunners.CucumberTestRunner" name="runScenario" time="5.932"/>
  <testcase classname="testrunners.CucumberTestRunner" name="runScenario" time="5.321"/>
  <testcase classname="testrunners.CucumberTestRunner" name="runScenario" time="4.705"/>
  <testcase classname="testrunners.CucumberTestRunner" name="runScenario" time="5.588"/>
  <testcase classname="testrunners.CucumberTestRunner" name="runScenario" time="5.352"/>
  <testcase classname="testrunners.CucumberTestRunner" name="runScenario" time="6.050"/>
  <testcase classname="testrunners.CucumberTestRunner" name="runScenario" time="5.056"/>
  <testcase classname="testrunners.CucumberTestRunner" name="runScenario" time="5.348"/>
</testsuite> <!-- testrunners.CucumberTestRunner -->
